TN:
SF:/Users/qinguohua/Developer/Mistong/XHX/LiveSDK_Cover/XHXLiveSDK/Classes/business/LiveRoom/LiveRoomModule/EnglishFollowReading/Views/EnglishFollowContentView.m
FN:13,-[EnglishFollowContentView setEnglishContentLab:]
FN:14,-[EnglishFollowContentView setChineseContentLab:]
FN:16,-[EnglishFollowContentView questionInfoModel]
FN:16,-[EnglishFollowContentView setQuestionInfoModel:]
FN:19,-[EnglishFollowContentView .cxx_destruct]
FN:21,-[EnglishFollowContentView initWithFrame:]
FN:30,-[EnglishFollowContentView setupViews]
FN:31,__38-[EnglishFollowContentView setupViews]_block_invoke
FN:39,__38-[EnglishFollowContentView setupViews]_block_invoke_2
FN:49,-[EnglishFollowContentView updateContentWithModel:oralType:]
FN:67,-[EnglishFollowContentView englishOralEvaluatingResult:oralType:]
FN:82,-[EnglishFollowContentView englishContentLab]
FN:93,-[EnglishFollowContentView chineseContentLab]
FNDA:0,-[EnglishFollowContentView setEnglishContentLab:]
FNDA:0,-[EnglishFollowContentView setChineseContentLab:]
FNDA:0,-[EnglishFollowContentView questionInfoModel]
FNDA:0,-[EnglishFollowContentView setQuestionInfoModel:]
FNDA:0,-[EnglishFollowContentView .cxx_destruct]
FNDA:0,-[EnglishFollowContentView initWithFrame:]
FNDA:0,-[EnglishFollowContentView setupViews]
FNDA:0,__38-[EnglishFollowContentView setupViews]_block_invoke
FNDA:0,__38-[EnglishFollowContentView setupViews]_block_invoke_2
FNDA:0,-[EnglishFollowContentView updateContentWithModel:oralType:]
FNDA:0,-[EnglishFollowContentView englishOralEvaluatingResult:oralType:]
FNDA:0,-[EnglishFollowContentView englishContentLab]
FNDA:0,-[EnglishFollowContentView chineseContentLab]
FNF:13
FNH:0
BRDA:23,0,0,-
BRDA:23,0,1,-
BRDA:59,0,0,-
BRDA:59,0,1,-
BRDA:70,0,0,-
BRDA:70,0,1,-
BRDA:72,1,0,-
BRDA:72,1,1,-
BRDA:83,0,0,-
BRDA:83,0,1,-
BRDA:94,0,0,-
BRDA:94,0,1,-
BRF:12
BRH:0
DA:13,0
DA:14,0
DA:16,0
DA:19,0
DA:21,0
DA:22,0
DA:23,0
DA:24,0
DA:25,0
DA:26,0
DA:28,0
DA:30,0
DA:31,0
DA:32,0
DA:33,0
DA:34,0
DA:35,0
DA:36,0
DA:37,0
DA:39,0
DA:40,0
DA:41,0
DA:42,0
DA:43,0
DA:44,0
DA:45,0
DA:49,0
DA:51,0
DA:53,0
DA:54,0
DA:55,0
DA:58,0
DA:59,0
DA:60,0
DA:61,0
DA:62,0
DA:63,0
DA:64,0
DA:67,0
DA:69,0
DA:70,0
DA:71,0
DA:72,0
DA:73,0
DA:74,0
DA:75,0
DA:78,0
DA:79,0
DA:82,0
DA:83,0
DA:84,0
DA:85,0
DA:86,0
DA:87,0
DA:88,0
DA:89,0
DA:90,0
DA:93,0
DA:94,0
DA:95,0
DA:96,0
DA:97,0
DA:98,0
DA:99,0
DA:100,0
DA:101,0
LF:66
LH:0
end_of_record
TN:
SF:/Applications/Xcode.app/Contents/Developer/Platforms/iPhoneSimulator.platform/Developer/SDKs/iPhoneSimulator14.2.sdk/System/Library/Frameworks/CoreGraphics.framework/Headers/CGGeometry.h
FN:286,CGSizeMake
FN:298,CGRectMake
FNDA:0,CGSizeMake
FNDA:0,CGRectMake
FNF:2
FNH:0
DA:286,0
DA:288,0
DA:298,0
DA:301,0
DA:302,0
DA:303,0
LF:6
LH:0
end_of_record
SF:/Users/qinguohua/Developer/Mistong/XHX/LiveSDK_Cover/XHXLiveSDK/Classes/business/LiveRoom/LiveRoomModule/EnglishFollowReading/Views/EnglishFollowBottomView.h
FN:21,-[EnglishFollowBottomView type]
FN:21,-[EnglishFollowBottomView setType:]
FN:22,-[EnglishFollowBottomView setAgainBtnActionBlock:]
FN:22,-[EnglishFollowBottomView againBtnActionBlock]
FN:23,-[EnglishFollowBottomView setNextBtnActionBlock:]
FN:23,-[EnglishFollowBottomView nextBtnActionBlock]
FN:24,-[EnglishFollowBottomView submitBtnActionBlock]
FN:24,-[EnglishFollowBottomView setSubmitBtnActionBlock:]
FN:25,-[EnglishFollowBottomView setStartFollowBtnActionBlock:]
FN:25,-[EnglishFollowBottomView startFollowBtnActionBlock]
FN:26,-[EnglishFollowBottomView endFollowBtnActionBlock]
FN:26,-[EnglishFollowBottomView setEndFollowBtnActionBlock:]
FNDA:0,-[EnglishFollowBottomView type]
FNDA:0,-[EnglishFollowBottomView setType:]
FNDA:0,-[EnglishFollowBottomView againBtnActionBlock]
FNDA:0,-[EnglishFollowBottomView setAgainBtnActionBlock:]
FNDA:0,-[EnglishFollowBottomView nextBtnActionBlock]
FNDA:0,-[EnglishFollowBottomView setNextBtnActionBlock:]
FNDA:0,-[EnglishFollowBottomView submitBtnActionBlock]
FNDA:0,-[EnglishFollowBottomView setSubmitBtnActionBlock:]
FNDA:0,-[EnglishFollowBottomView startFollowBtnActionBlock]
FNDA:0,-[EnglishFollowBottomView setStartFollowBtnActionBlock:]
FNDA:0,-[EnglishFollowBottomView endFollowBtnActionBlock]
FNDA:0,-[EnglishFollowBottomView setEndFollowBtnActionBlock:]
FNF:12
FNH:0
DA:21,0
DA:22,0
DA:23,0
DA:24,0
DA:25,0
DA:26,0
LF:6
LH:0
end_of_record
SF:/Users/qinguohua/Developer/Mistong/XHX/LiveSDK_Cover/XHXLiveSDK/Classes/business/LiveRoom/LiveRoomModule/EnglishFollowReading/Views/EnglishFollowBottomView.m
FN:12,-[EnglishFollowBottomView setCommonBtn:]
FN:14,-[EnglishFollowBottomView setAgainBtn:]
FN:16,-[EnglishFollowBottomView setNextBtn:]
FN:19,-[EnglishFollowBottomView btnGreenColor]
FN:19,-[EnglishFollowBottomView setBtnGreenColor:]
FN:20,-[EnglishFollowBottomView setBtnYellowColor:]
FN:20,-[EnglishFollowBottomView btnYellowColor]
FN:21,-[EnglishFollowBottomView setBtnWhiteColor:]
FN:21,-[EnglishFollowBottomView btnWhiteColor]
FN:29,-[EnglishFollowBottomView .cxx_destruct]
FN:31,-[EnglishFollowBottomView initWithFrame:]
FN:39,-[EnglishFollowBottomView setupViews]
FN:44,__37-[EnglishFollowBottomView setupViews]_block_invoke
FN:51,__37-[EnglishFollowBottomView setupViews]_block_invoke.201
FN:57,__37-[EnglishFollowBottomView setupViews]_block_invoke_2
FN:65,-[EnglishFollowBottomView showBottomViewWithType:]
FN:87,-[EnglishFollowBottomView commonBtnAction:]
FN:95,-[EnglishFollowBottomView commonButtonClicked:]
FN:103,-[EnglishFollowBottomView againBtnAction]
FN:107,-[EnglishFollowBottomView nextBtnAction]
FN:116,-[EnglishFollowBottomView commonBtn]
FN:127,-[EnglishFollowBottomView againBtn]
FN:140,-[EnglishFollowBottomView nextBtn]
FN:155,-[EnglishFollowBottomView buttonSetBgColor:titleColor:sideColor:button:]
FN:163,-[EnglishFollowBottomView buttonSetCornersWithBtn:]
FNDA:0,-[EnglishFollowBottomView setCommonBtn:]
FNDA:0,-[EnglishFollowBottomView setAgainBtn:]
FNDA:0,-[EnglishFollowBottomView setNextBtn:]
FNDA:0,-[EnglishFollowBottomView btnGreenColor]
FNDA:0,-[EnglishFollowBottomView setBtnGreenColor:]
FNDA:0,-[EnglishFollowBottomView btnYellowColor]
FNDA:0,-[EnglishFollowBottomView setBtnYellowColor:]
FNDA:0,-[EnglishFollowBottomView btnWhiteColor]
FNDA:0,-[EnglishFollowBottomView setBtnWhiteColor:]
FNDA:0,-[EnglishFollowBottomView .cxx_destruct]
FNDA:0,-[EnglishFollowBottomView initWithFrame:]
FNDA:0,-[EnglishFollowBottomView setupViews]
FNDA:0,__37-[EnglishFollowBottomView setupViews]_block_invoke
FNDA:0,__37-[EnglishFollowBottomView setupViews]_block_invoke.201
FNDA:0,__37-[EnglishFollowBottomView setupViews]_block_invoke_2
FNDA:0,-[EnglishFollowBottomView showBottomViewWithType:]
FNDA:0,-[EnglishFollowBottomView commonBtnAction:]
FNDA:0,-[EnglishFollowBottomView commonButtonClicked:]
FNDA:0,-[EnglishFollowBottomView againBtnAction]
FNDA:0,-[EnglishFollowBottomView nextBtnAction]
FNDA:0,-[EnglishFollowBottomView commonBtn]
FNDA:0,-[EnglishFollowBottomView againBtn]
FNDA:0,-[EnglishFollowBottomView nextBtn]
FNDA:0,-[EnglishFollowBottomView buttonSetBgColor:titleColor:sideColor:button:]
FNDA:0,-[EnglishFollowBottomView buttonSetCornersWithBtn:]
FNF:25
FNH:0
BRDA:33,0,0,-
BRDA:33,0,1,-
BRDA:67,0,0,-
BRDA:67,0,1,-
BRDA:70,1,0,-
BRDA:70,1,1,-
BRDA:73,1,0,-
BRDA:73,1,1,-
BRDA:76,1,0,-
BRDA:76,1,1,-
BRDA:80,0,0,-
BRDA:80,0,1,-
BRDA:88,0,0,-
BRDA:88,0,1,-
BRDA:93,1,0,-
BRDA:93,1,1,-
BRDA:93,1,2,-
BRDA:96,0,0,-
BRDA:96,0,1,-
BRDA:97,0,0,-
BRDA:97,0,1,-
BRDA:97,3,2,-
BRDA:97,3,3,-
BRDA:99,0,0,-
BRDA:99,0,1,-
BRDA:99,3,2,-
BRDA:99,3,3,-
BRDA:104,0,0,-
BRDA:104,0,1,-
BRDA:104,3,2,-
BRDA:104,3,3,-
BRDA:108,0,0,-
BRDA:108,0,1,-
BRDA:109,0,0,-
BRDA:109,0,1,-
BRDA:109,3,2,-
BRDA:109,3,3,-
BRDA:110,1,0,-
BRDA:110,1,1,-
BRDA:111,0,0,-
BRDA:111,0,1,-
BRDA:111,3,2,-
BRDA:111,3,3,-
BRDA:117,0,0,-
BRDA:117,0,1,-
BRDA:118,0,0,-
BRDA:118,0,1,-
BRDA:118,3,2,-
BRDA:118,3,3,-
BRDA:118,6,4,-
BRDA:118,6,5,-
BRDA:118,7,6,-
BRDA:118,7,7,-
BRDA:118,11,8,-
BRDA:118,11,9,-
BRDA:118,15,10,-
BRDA:118,15,11,-
BRDA:118,18,12,-
BRDA:118,18,13,-
BRDA:118,21,14,-
BRDA:118,21,15,-
BRDA:118,22,16,-
BRDA:118,22,17,-
BRDA:118,26,18,-
BRDA:118,26,19,-
BRDA:118,30,20,-
BRDA:118,30,21,-
BRDA:118,32,22,-
BRDA:118,32,23,-
BRDA:118,34,24,-
BRDA:118,34,25,-
BRDA:118,36,26,-
BRDA:118,36,27,-
BRDA:128,0,0,-
BRDA:128,0,1,-
BRDA:129,0,0,-
BRDA:129,0,1,-
BRDA:129,3,2,-
BRDA:129,3,3,-
BRDA:129,6,4,-
BRDA:129,6,5,-
BRDA:129,7,6,-
BRDA:129,7,7,-
BRDA:129,11,8,-
BRDA:129,11,9,-
BRDA:129,15,10,-
BRDA:129,15,11,-
BRDA:129,18,12,-
BRDA:129,18,13,-
BRDA:129,21,14,-
BRDA:129,21,15,-
BRDA:129,22,16,-
BRDA:129,22,17,-
BRDA:129,26,18,-
BRDA:129,26,19,-
BRDA:129,30,20,-
BRDA:129,30,21,-
BRDA:129,32,22,-
BRDA:129,32,23,-
BRDA:129,34,24,-
BRDA:129,34,25,-
BRDA:129,36,26,-
BRDA:129,36,27,-
BRDA:141,0,0,-
BRDA:141,0,1,-
BRDA:142,0,0,-
BRDA:142,0,1,-
BRDA:142,3,2,-
BRDA:142,3,3,-
BRDA:142,6,4,-
BRDA:142,6,5,-
BRDA:142,7,6,-
BRDA:142,7,7,-
BRDA:142,11,8,-
BRDA:142,11,9,-
BRDA:142,15,10,-
BRDA:142,15,11,-
BRDA:142,18,12,-
BRDA:142,18,13,-
BRDA:142,21,14,-
BRDA:142,21,15,-
BRDA:142,22,16,-
BRDA:142,22,17,-
BRDA:142,26,18,-
BRDA:142,26,19,-
BRDA:142,30,20,-
BRDA:142,30,21,-
BRDA:142,32,22,-
BRDA:142,32,23,-
BRDA:142,34,24,-
BRDA:142,34,25,-
BRDA:142,36,26,-
BRDA:142,36,27,-
BRF:133
BRH:0
DA:12,0
DA:14,0
DA:16,0
DA:19,0
DA:20,0
DA:21,0
DA:29,0
DA:31,0
DA:32,0
DA:33,0
DA:34,0
DA:35,0
DA:36,0
DA:37,0
DA:39,0
DA:40,0
DA:41,0
DA:42,0
DA:44,0
DA:45,0
DA:46,0
DA:47,0
DA:48,0
DA:49,0
DA:51,0
DA:52,0
DA:53,0
DA:54,0
DA:55,0
DA:57,0
DA:58,0
DA:59,0
DA:60,0
DA:61,0
DA:63,0
DA:65,0
DA:66,0
DA:67,0
DA:68,0
DA:69,0
DA:70,0
DA:71,0
DA:72,0
DA:73,0
DA:74,0
DA:75,0
DA:76,0
DA:77,0
DA:78,0
DA:80,0
DA:81,0
DA:82,0
DA:83,0
DA:84,0
DA:87,0
DA:88,0
DA:89,0
DA:91,0
DA:92,0
DA:93,0
DA:95,0
DA:96,0
DA:97,0
DA:98,0
DA:99,0
DA:101,0
DA:103,0
DA:104,0
DA:105,0
DA:107,0
DA:108,0
DA:109,0
DA:110,0
DA:111,0
DA:112,0
DA:113,0
DA:116,0
DA:117,0
DA:118,0
DA:119,0
DA:120,0
DA:121,0
DA:122,0
DA:123,0
DA:124,0
DA:127,0
DA:128,0
DA:129,0
DA:130,0
DA:131,0
DA:132,0
DA:133,0
DA:134,0
DA:135,0
DA:136,0
DA:137,0
DA:140,0
DA:141,0
DA:142,0
DA:143,0
DA:144,0
DA:145,0
DA:146,0
DA:147,0
DA:148,0
DA:149,0
DA:150,0
DA:155,0
DA:156,0
DA:157,0
DA:158,0
DA:159,0
DA:160,0
DA:163,0
DA:164,0
DA:165,0
DA:166,0
LF:117
LH:0
end_of_record
SF:/Users/qinguohua/Developer/Mistong/XHX/LiveSDK_Cover/XHXLiveSDK/Classes/business/LiveRoom/LiveRoomModule/EnglishFollowReading/Views/EnglishFollowResultAnimationView.m
FN:12,-[EnglishFollowResultAnimationView setAnimation_icon_left:]
FN:13,-[EnglishFollowResultAnimationView setAnimation_icon_right:]
FN:14,-[EnglishFollowResultAnimationView setAnimation_icon_center:]
FN:15,-[EnglishFollowResultAnimationView setAnimation_text_score:]
FN:16,-[EnglishFollowResultAnimationView setAnimation_text_average:]
FN:17,-[EnglishFollowResultAnimationView setAnimation_icon_per:]
FN:62,-[EnglishFollowResultAnimationView .cxx_destruct]
FN:64,-[EnglishFollowResultAnimationView initWithFrame:]
FN:73,-[EnglishFollowResultAnimationView setupViews]
FN:80,__46-[EnglishFollowResultAnimationView setupViews]_block_invoke
FN:86,__46-[EnglishFollowResultAnimationView setupViews]_block_invoke.217
FN:92,__46-[EnglishFollowResultAnimationView setupViews]_block_invoke_2
FN:99,__46-[EnglishFollowResultAnimationView setupViews]_block_invoke_3
FN:105,__46-[EnglishFollowResultAnimationView setupViews]_block_invoke_4
FN:111,__46-[EnglishFollowResultAnimationView setupViews]_block_invoke_5
FN:119,-[EnglishFollowResultAnimationView configAnimationInfoWithAverageScore:]
FN:131,-[EnglishFollowResultAnimationView getRelevantImage:isCenterShow:]
FN:153,-[EnglishFollowResultAnimationView animation]
FN:167,__45-[EnglishFollowResultAnimationView animation]_block_invoke
FN:190,__45-[EnglishFollowResultAnimationView animation]_block_invoke.297
FN:195,__45-[EnglishFollowResultAnimationView animation]_block_invoke.302
FN:202,-[EnglishFollowResultAnimationView animation_icon_center]
FN:207,-[EnglishFollowResultAnimationView animation_icon_per]
FN:213,-[EnglishFollowResultAnimationView animation_icon_left]
FN:219,-[EnglishFollowResultAnimationView animation_icon_right]
FN:224,-[EnglishFollowResultAnimationView animation_text_score]
FN:230,-[EnglishFollowResultAnimationView animation_text_average]
FNDA:0,-[EnglishFollowResultAnimationView setAnimation_icon_left:]
FNDA:0,-[EnglishFollowResultAnimationView setAnimation_icon_right:]
FNDA:0,-[EnglishFollowResultAnimationView setAnimation_icon_center:]
FNDA:0,-[EnglishFollowResultAnimationView setAnimation_text_score:]
FNDA:0,-[EnglishFollowResultAnimationView setAnimation_text_average:]
FNDA:0,-[EnglishFollowResultAnimationView setAnimation_icon_per:]
FNDA:0,-[EnglishFollowResultAnimationView .cxx_destruct]
FNDA:0,-[EnglishFollowResultAnimationView initWithFrame:]
FNDA:0,-[EnglishFollowResultAnimationView setupViews]
FNDA:0,__46-[EnglishFollowResultAnimationView setupViews]_block_invoke
FNDA:0,__46-[EnglishFollowResultAnimationView setupViews]_block_invoke.217
FNDA:0,__46-[EnglishFollowResultAnimationView setupViews]_block_invoke_2
FNDA:0,__46-[EnglishFollowResultAnimationView setupViews]_block_invoke_3
FNDA:0,__46-[EnglishFollowResultAnimationView setupViews]_block_invoke_4
FNDA:0,__46-[EnglishFollowResultAnimationView setupViews]_block_invoke_5
FNDA:0,-[EnglishFollowResultAnimationView configAnimationInfoWithAverageScore:]
FNDA:0,-[EnglishFollowResultAnimationView getRelevantImage:isCenterShow:]
FNDA:0,-[EnglishFollowResultAnimationView animation]
FNDA:0,__45-[EnglishFollowResultAnimationView animation]_block_invoke
FNDA:0,__45-[EnglishFollowResultAnimationView animation]_block_invoke.297
FNDA:0,__45-[EnglishFollowResultAnimationView animation]_block_invoke.302
FNDA:0,-[EnglishFollowResultAnimationView animation_icon_center]
FNDA:0,-[EnglishFollowResultAnimationView animation_icon_per]
FNDA:0,-[EnglishFollowResultAnimationView animation_icon_left]
FNDA:0,-[EnglishFollowResultAnimationView animation_icon_right]
FNDA:0,-[EnglishFollowResultAnimationView animation_text_score]
FNDA:0,-[EnglishFollowResultAnimationView animation_text_average]
FNF:27
FNH:0
BRDA:66,0,0,-
BRDA:66,0,1,-
BRDA:81,0,0,-
BRDA:81,0,1,-
BRDA:81,3,2,-
BRDA:81,3,3,-
BRDA:81,6,4,-
BRDA:81,6,5,-
BRDA:81,7,6,-
BRDA:81,7,7,-
BRDA:81,11,8,-
BRDA:81,11,9,-
BRDA:81,15,10,-
BRDA:81,15,11,-
BRDA:81,17,12,-
BRDA:81,17,13,-
BRDA:82,0,0,-
BRDA:82,0,1,-
BRDA:82,3,2,-
BRDA:82,3,3,-
BRDA:82,6,4,-
BRDA:82,6,5,-
BRDA:82,7,6,-
BRDA:82,7,7,-
BRDA:82,11,8,-
BRDA:82,11,9,-
BRDA:82,15,10,-
BRDA:82,15,11,-
BRDA:82,17,12,-
BRDA:82,17,13,-
BRDA:87,0,0,-
BRDA:87,0,1,-
BRDA:87,3,2,-
BRDA:87,3,3,-
BRDA:87,6,4,-
BRDA:87,6,5,-
BRDA:87,7,6,-
BRDA:87,7,7,-
BRDA:87,11,8,-
BRDA:87,11,9,-
BRDA:87,15,10,-
BRDA:87,15,11,-
BRDA:87,17,12,-
BRDA:87,17,13,-
BRDA:88,0,0,-
BRDA:88,0,1,-
BRDA:88,3,2,-
BRDA:88,3,3,-
BRDA:88,6,4,-
BRDA:88,6,5,-
BRDA:88,7,6,-
BRDA:88,7,7,-
BRDA:88,11,8,-
BRDA:88,11,9,-
BRDA:88,15,10,-
BRDA:88,15,11,-
BRDA:88,17,12,-
BRDA:88,17,13,-
BRDA:93,0,0,-
BRDA:93,0,1,-
BRDA:93,3,2,-
BRDA:93,3,3,-
BRDA:93,6,4,-
BRDA:93,6,5,-
BRDA:93,7,6,-
BRDA:93,7,7,-
BRDA:93,11,8,-
BRDA:93,11,9,-
BRDA:93,15,10,-
BRDA:93,15,11,-
BRDA:93,17,12,-
BRDA:93,17,13,-
BRDA:95,0,0,-
BRDA:95,0,1,-
BRDA:95,3,2,-
BRDA:95,3,3,-
BRDA:95,6,4,-
BRDA:95,6,5,-
BRDA:95,7,6,-
BRDA:95,7,7,-
BRDA:95,11,8,-
BRDA:95,11,9,-
BRDA:95,15,10,-
BRDA:95,15,11,-
BRDA:95,17,12,-
BRDA:95,17,13,-
BRDA:96,0,0,-
BRDA:96,0,1,-
BRDA:96,3,2,-
BRDA:96,3,3,-
BRDA:96,6,4,-
BRDA:96,6,5,-
BRDA:96,7,6,-
BRDA:96,7,7,-
BRDA:96,11,8,-
BRDA:96,11,9,-
BRDA:96,15,10,-
BRDA:96,15,11,-
BRDA:96,17,12,-
BRDA:96,17,13,-
BRDA:102,0,0,-
BRDA:102,0,1,-
BRDA:102,3,2,-
BRDA:102,3,3,-
BRDA:102,6,4,-
BRDA:102,6,5,-
BRDA:102,7,6,-
BRDA:102,7,7,-
BRDA:102,11,8,-
BRDA:102,11,9,-
BRDA:102,15,10,-
BRDA:102,15,11,-
BRDA:102,17,12,-
BRDA:102,17,13,-
BRDA:107,0,0,-
BRDA:107,0,1,-
BRDA:107,3,2,-
BRDA:107,3,3,-
BRDA:107,6,4,-
BRDA:107,6,5,-
BRDA:107,7,6,-
BRDA:107,7,7,-
BRDA:107,11,8,-
BRDA:107,11,9,-
BRDA:107,15,10,-
BRDA:107,15,11,-
BRDA:107,17,12,-
BRDA:107,17,13,-
BRDA:113,0,0,-
BRDA:113,0,1,-
BRDA:113,3,2,-
BRDA:113,3,3,-
BRDA:113,6,4,-
BRDA:113,6,5,-
BRDA:113,7,6,-
BRDA:113,7,7,-
BRDA:113,11,8,-
BRDA:113,11,9,-
BRDA:113,15,10,-
BRDA:113,15,11,-
BRDA:113,17,12,-
BRDA:113,17,13,-
BRDA:132,0,0,-
BRDA:132,0,1,-
BRDA:134,0,0,-
BRDA:134,0,1,-
BRDA:136,1,0,-
BRDA:136,1,1,-
BRDA:143,0,0,-
BRDA:143,0,1,-
BRDA:145,1,0,-
BRDA:145,1,1,-
BRDA:202,1,0,-
BRDA:202,1,1,-
BRDA:207,1,0,-
BRDA:207,1,1,-
BRDA:213,1,0,-
BRDA:213,1,1,-
BRDA:219,1,0,-
BRDA:219,1,1,-
BRDA:224,1,0,-
BRDA:224,1,1,-
BRDA:230,1,0,-
BRDA:230,1,1,-
BRF:164
BRH:0
DA:12,0
DA:13,0
DA:14,0
DA:15,0
DA:16,0
DA:17,0
DA:62,0
DA:64,0
DA:65,0
DA:66,0
DA:67,0
DA:68,0
DA:69,0
DA:71,0
DA:73,0
DA:74,0
DA:75,0
DA:76,0
DA:77,0
DA:78,0
DA:79,0
DA:80,0
DA:81,0
DA:82,0
DA:83,0
DA:84,0
DA:86,0
DA:87,0
DA:88,0
DA:89,0
DA:90,0
DA:92,0
DA:93,0
DA:94,0
DA:95,0
DA:96,0
DA:97,0
DA:99,0
DA:100,0
DA:101,0
DA:102,0
DA:103,0
DA:105,0
DA:106,0
DA:107,0
DA:108,0
DA:109,0
DA:111,0
DA:112,0
DA:113,0
DA:114,0
DA:115,0
DA:117,0
DA:119,0
DA:121,5
DA:123,5
DA:125,5
DA:127,5
DA:128,5
DA:129,5
DA:131,0
DA:132,0
DA:133,0
DA:134,0
DA:135,0
DA:136,0
DA:137,0
DA:138,0
DA:139,0
DA:140,0
DA:142,0
DA:143,0
DA:144,0
DA:145,0
DA:146,0
DA:147,0
DA:148,0
DA:150,0
DA:153,0
DA:155,0
DA:157,0
DA:158,0
DA:159,0
DA:161,0
DA:164,0
DA:165,0
DA:166,0
DA:167,0
DA:168,0
DA:169,0
DA:170,0
DA:173,0
DA:174,0
DA:175,0
DA:176,0
DA:177,0
DA:178,0
DA:179,0
DA:180,0
DA:181,0
DA:182,0
DA:183,0
DA:184,0
DA:186,0
DA:187,0
DA:190,0
DA:191,0
DA:192,0
DA:193,0
DA:194,0
DA:195,0
DA:196,0
DA:197,0
DA:198,0
DA:202,0
DA:207,0
DA:213,0
DA:219,0
DA:224,0
DA:230,0
LF:120
LH:30
CA:121,5
CA:123,5
CA:125,5
CA:127,5
CA:128,5
CA:129,5
CF:6
CH:30
end_of_record
SF:/Applications/Xcode.app/Contents/Developer/Platforms/iPhoneSimulator.platform/Developer/SDKs/iPhoneSimulator14.2.sdk/usr/include/dispatch/queue.h
FN:584,dispatch_get_main_queue
FNDA:0,dispatch_get_main_queue
FNF:1
FNH:0
DA:584,0
DA:586,0
LF:2
LH:0
end_of_record
SF:/Users/qinguohua/Developer/Mistong/XHX/LiveSDK_Cover/XHXLiveSDK/Classes/business/LiveRoom/LiveRoomModule/EnglishFollowReading/Views/EnglishFollowResultView.h
FN:14,-[EnglishFollowResultView followResultViewCloseBlock]
FN:14,-[EnglishFollowResultView setFollowResultViewCloseBlock:]
FNDA:0,-[EnglishFollowResultView followResultViewCloseBlock]
FNDA:0,-[EnglishFollowResultView setFollowResultViewCloseBlock:]
FNF:2
FNH:0
DA:14,0
LF:1
LH:0
end_of_record
SF:/Users/qinguohua/Developer/Mistong/XHX/LiveSDK_Cover/XHXLiveSDK/Classes/business/LiveRoom/LiveRoomModule/EnglishFollowReading/Views/EnglishFollowResultView.m
FN:13,-[EnglishFollowResultView setResultAnimationView:]
FN:14,-[EnglishFollowResultView setLowScoreView:]
FN:16,-[EnglishFollowResultView setTryNumberLab:]
FN:18,-[EnglishFollowResultView setCloseBtn:]
FN:20,-[EnglishFollowResultView setCloseTimer:]
FN:21,-[EnglishFollowResultView setTimeInteger:]
FN:21,-[EnglishFollowResultView timeInteger]
FN:27,-[EnglishFollowResultView .cxx_destruct]
FN:29,-[EnglishFollowResultView initWithFrame:]
FN:37,-[EnglishFollowResultView setupViews]
FN:46,-[EnglishFollowResultView layoutSubviews]
FN:49,__41-[EnglishFollowResultView layoutSubviews]_block_invoke
FN:56,__41-[EnglishFollowResultView layoutSubviews]_block_invoke_2
FN:63,__41-[EnglishFollowResultView layoutSubviews]_block_invoke.213
FN:68,__41-[EnglishFollowResultView layoutSubviews]_block_invoke_2.218
FN:74,-[EnglishFollowResultView configFollowReadResult:]
FN:106,-[EnglishFollowResultView closeBtnAction:]
FN:111,-[EnglishFollowResultView timerCloseAction]
FN:123,-[EnglishFollowResultView closeTimer]
FN:131,-[EnglishFollowResultView invalidateCloseTimer]
FN:138,-[EnglishFollowResultView tryNumberLab]
FN:148,-[EnglishFollowResultView closeBtn]
FN:166,-[EnglishFollowResultView resultAnimationView]
FN:174,-[EnglishFollowResultView lowScoreView]
FNDA:0,-[EnglishFollowResultView setResultAnimationView:]
FNDA:0,-[EnglishFollowResultView setLowScoreView:]
FNDA:0,-[EnglishFollowResultView setTryNumberLab:]
FNDA:0,-[EnglishFollowResultView setCloseBtn:]
FNDA:0,-[EnglishFollowResultView setCloseTimer:]
FNDA:0,-[EnglishFollowResultView timeInteger]
FNDA:0,-[EnglishFollowResultView setTimeInteger:]
FNDA:0,-[EnglishFollowResultView .cxx_destruct]
FNDA:0,-[EnglishFollowResultView initWithFrame:]
FNDA:0,-[EnglishFollowResultView setupViews]
FNDA:0,-[EnglishFollowResultView layoutSubviews]
FNDA:0,__41-[EnglishFollowResultView layoutSubviews]_block_invoke
FNDA:0,__41-[EnglishFollowResultView layoutSubviews]_block_invoke_2
FNDA:0,__41-[EnglishFollowResultView layoutSubviews]_block_invoke.213
FNDA:0,__41-[EnglishFollowResultView layoutSubviews]_block_invoke_2.218
FNDA:0,-[EnglishFollowResultView configFollowReadResult:]
FNDA:0,-[EnglishFollowResultView closeBtnAction:]
FNDA:0,-[EnglishFollowResultView timerCloseAction]
FNDA:0,-[EnglishFollowResultView closeTimer]
FNDA:0,-[EnglishFollowResultView invalidateCloseTimer]
FNDA:0,-[EnglishFollowResultView tryNumberLab]
FNDA:0,-[EnglishFollowResultView closeBtn]
FNDA:0,-[EnglishFollowResultView resultAnimationView]
FNDA:0,-[EnglishFollowResultView lowScoreView]
FNF:24
FNH:0
BRDA:31,0,0,-
BRDA:31,0,1,-
BRDA:78,0,0,-
BRDA:78,0,1,-
BRDA:78,2,2,-
BRDA:78,2,3,-
BRDA:79,0,0,-
BRDA:79,0,1,-
BRDA:84,1,0,-
BRDA:84,1,1,-
BRDA:84,2,2,-
BRDA:84,2,3,-
BRDA:86,0,0,-
BRDA:86,0,1,-
BRDA:91,0,0,-
BRDA:91,0,1,-
BRDA:94,0,0,-
BRDA:94,0,1,-
BRDA:108,0,0,-
BRDA:108,0,1,-
BRDA:108,3,2,-
BRDA:108,3,3,-
BRDA:112,0,0,-
BRDA:112,0,1,-
BRDA:114,0,0,-
BRDA:114,0,1,-
BRDA:114,3,2,-
BRDA:114,3,3,-
BRDA:124,0,0,-
BRDA:124,0,1,-
BRDA:139,0,0,-
BRDA:139,0,1,-
BRDA:149,0,0,-
BRDA:149,0,1,-
BRDA:150,0,0,-
BRDA:150,0,1,-
BRDA:150,3,2,-
BRDA:150,3,3,-
BRDA:150,6,4,-
BRDA:150,6,5,-
BRDA:150,7,6,-
BRDA:150,7,7,-
BRDA:150,11,8,-
BRDA:150,11,9,-
BRDA:150,15,10,-
BRDA:150,15,11,-
BRDA:150,18,12,-
BRDA:150,18,13,-
BRDA:150,21,14,-
BRDA:150,21,15,-
BRDA:150,22,16,-
BRDA:150,22,17,-
BRDA:150,26,18,-
BRDA:150,26,19,-
BRDA:150,30,20,-
BRDA:150,30,21,-
BRDA:150,32,22,-
BRDA:150,32,23,-
BRDA:150,34,24,-
BRDA:150,34,25,-
BRDA:150,36,26,-
BRDA:150,36,27,-
BRDA:167,0,0,-
BRDA:167,0,1,-
BRDA:168,0,0,-
BRDA:168,0,1,-
BRDA:168,3,2,-
BRDA:168,3,3,-
BRDA:168,6,4,-
BRDA:168,6,5,-
BRDA:168,7,6,-
BRDA:168,7,7,-
BRDA:168,11,8,-
BRDA:168,11,9,-
BRDA:168,15,10,-
BRDA:168,15,11,-
BRDA:168,18,12,-
BRDA:168,18,13,-
BRDA:168,21,14,-
BRDA:168,21,15,-
BRDA:168,22,16,-
BRDA:168,22,17,-
BRDA:168,26,18,-
BRDA:168,26,19,-
BRDA:168,30,20,-
BRDA:168,30,21,-
BRDA:168,32,22,-
BRDA:168,32,23,-
BRDA:168,34,24,-
BRDA:168,34,25,-
BRDA:168,36,26,-
BRDA:168,36,27,-
BRDA:175,0,0,-
BRDA:175,0,1,-
BRDA:176,0,0,-
BRDA:176,0,1,-
BRDA:176,3,2,-
BRDA:176,3,3,-
BRDA:176,6,4,-
BRDA:176,6,5,-
BRDA:176,7,6,-
BRDA:176,7,7,-
BRDA:176,11,8,-
BRDA:176,11,9,-
BRDA:176,15,10,-
BRDA:176,15,11,-
BRDA:176,18,12,-
BRDA:176,18,13,-
BRDA:176,21,14,-
BRDA:176,21,15,-
BRDA:176,22,16,-
BRDA:176,22,17,-
BRDA:176,26,18,-
BRDA:176,26,19,-
BRDA:176,30,20,-
BRDA:176,30,21,-
BRDA:176,32,22,-
BRDA:176,32,23,-
BRDA:176,34,24,-
BRDA:176,34,25,-
BRDA:176,36,26,-
BRDA:176,36,27,-
BRF:122
BRH:0
DA:13,0
DA:14,0
DA:16,0
DA:18,0
DA:20,0
DA:21,0
DA:27,0
DA:29,0
DA:30,0
DA:31,0
DA:32,0
DA:33,0
DA:34,0
DA:35,0
DA:37,0
DA:38,0
DA:39,0
DA:40,0
DA:41,0
DA:42,0
DA:43,0
DA:44,0
DA:46,0
DA:47,0
DA:48,0
DA:49,0
DA:50,0
DA:51,0
DA:52,0
DA:53,0
DA:54,0
DA:56,0
DA:57,0
DA:58,0
DA:59,0
DA:60,0
DA:61,0
DA:63,0
DA:64,0
DA:65,0
DA:66,0
DA:68,0
DA:69,0
DA:70,0
DA:71,0
DA:72,0
DA:74,0
DA:75,0
DA:76,0
DA:77,0
DA:78,0
DA:79,0
DA:80,0
DA:81,0
DA:82,0
DA:83,0
DA:84,0
DA:86,0
DA:87,0
DA:88,0
DA:89,0
DA:91,0
DA:92,0
DA:93,0
DA:94,0
DA:95,0
DA:96,0
DA:97,0
DA:98,0
DA:99,0
DA:101,0
DA:102,0
DA:103,0
DA:106,0
DA:107,0
DA:108,0
DA:109,0
DA:111,0
DA:112,0
DA:113,0
DA:114,0
DA:115,0
DA:117,0
DA:118,0
DA:119,0
DA:120,0
DA:123,0
DA:124,0
DA:125,0
DA:126,0
DA:127,0
DA:128,0
DA:131,0
DA:132,0
DA:133,0
DA:134,0
DA:135,0
DA:138,0
DA:139,0
DA:140,0
DA:141,0
DA:142,0
DA:143,0
DA:144,0
DA:145,0
DA:148,0
DA:149,0
DA:150,0
DA:151,0
DA:152,0
DA:153,0
DA:154,0
DA:156,0
DA:157,0
DA:158,0
DA:159,0
DA:160,0
DA:162,0
DA:163,0
DA:166,0
DA:167,0
DA:168,0
DA:169,0
DA:170,0
DA:171,0
DA:174,0
DA:175,0
DA:176,0
DA:177,0
DA:178,0
DA:179,0
LF:131
LH:0
end_of_record
SF:/Users/qinguohua/Developer/Mistong/XHX/LiveSDK_Cover/XHXLiveSDK/Classes/business/LiveRoom/LiveRoomModule/EnglishFollowReading/Views/EnglishFollowReadView.h
FN:29,-[EnglishFollowReadView setIsHaveMicrophonePremission:]
FN:29,-[EnglishFollowReadView isHaveMicrophonePremission]
FN:31,-[EnglishFollowReadView setMicrophonePremissionBlock:]
FN:31,-[EnglishFollowReadView microphonePremissionBlock]
FN:33,-[EnglishFollowReadView submitAnswerBlock]
FN:33,-[EnglishFollowReadView setSubmitAnswerBlock:]
FN:35,-[EnglishFollowReadView setEnglishFollowEndBlock:]
FN:35,-[EnglishFollowReadView englishFollowEndBlock]
FN:37,-[EnglishFollowReadView setEnglishFollowRegisterEngineBlock:]
FN:37,-[EnglishFollowReadView englishFollowRegisterEngineBlock]
FNDA:0,-[EnglishFollowReadView isHaveMicrophonePremission]
FNDA:0,-[EnglishFollowReadView setIsHaveMicrophonePremission:]
FNDA:0,-[EnglishFollowReadView microphonePremissionBlock]
FNDA:0,-[EnglishFollowReadView setMicrophonePremissionBlock:]
FNDA:0,-[EnglishFollowReadView submitAnswerBlock]
FNDA:0,-[EnglishFollowReadView setSubmitAnswerBlock:]
FNDA:0,-[EnglishFollowReadView englishFollowEndBlock]
FNDA:0,-[EnglishFollowReadView setEnglishFollowEndBlock:]
FNDA:0,-[EnglishFollowReadView englishFollowRegisterEngineBlock]
FNDA:0,-[EnglishFollowReadView setEnglishFollowRegisterEngineBlock:]
FNF:10
FNH:0
DA:29,0
DA:31,0
DA:33,0
DA:35,0
DA:37,0
LF:5
LH:0
end_of_record
SF:/Users/qinguohua/Developer/Mistong/XHX/LiveSDK_Cover/XHXLiveSDK/Classes/business/LiveRoom/LiveRoomModule/EnglishFollowReading/Views/EnglishFollowReadView.m
FN:21,-[EnglishFollowReadView setBottomBgView:]
FN:22,-[EnglishFollowReadView setBgView:]
FN:23,-[EnglishFollowReadView setTimer:]
FN:24,-[EnglishFollowReadView timeInterval]
FN:24,-[EnglishFollowReadView setTimeInterval:]
FN:25,-[EnglishFollowReadView setAllTimeInterval:]
FN:25,-[EnglishFollowReadView allTimeInterval]
FN:26,-[EnglishFollowReadView setHeaderView:]
FN:27,-[EnglishFollowReadView setContentView:]
FN:28,-[EnglishFollowReadView setScoreView:]
FN:29,-[EnglishFollowReadView setBottomView:]
FN:30,-[EnglishFollowReadView setResultView:]
FN:31,-[EnglishFollowReadView setEncourageAnimationView:]
FN:32,-[EnglishFollowReadView questionList]
FN:32,-[EnglishFollowReadView setQuestionList:]
FN:33,-[EnglishFollowReadView currentQuestionIndex]
FN:33,-[EnglishFollowReadView setCurrentQuestionIndex:]
FN:34,-[EnglishFollowReadView setConfig:]
FN:34,-[EnglishFollowReadView config]
FN:36,-[EnglishFollowReadView setStoreModel:]
FN:37,-[EnglishFollowReadView setStoreAnswerModel:]
FN:37,-[EnglishFollowReadView storeAnswerModel]
FN:38,-[EnglishFollowReadView storeAnswerList]
FN:38,-[EnglishFollowReadView setStoreAnswerList:]
FN:40,-[EnglishFollowReadView setInteractionId:]
FN:40,-[EnglishFollowReadView interactionId]
FN:42,-[EnglishFollowReadView setRepeatCount:]
FN:42,-[EnglishFollowReadView repeatCount]
FN:44,-[EnglishFollowReadView setEnglishFollowSEIEnd:]
FN:44,-[EnglishFollowReadView englishFollowSEIEnd]
FN:48,-[EnglishFollowReadView .cxx_destruct]
FN:50,-[EnglishFollowReadView initWithFrame:]
FN:61,-[EnglishFollowReadView configEnglishFollowWithQuestionInfo:interactionId:localStoreModel:]
FN:80,-[EnglishFollowReadView updateSubViewInfoWithModel:bottomType:]
FN:92,-[EnglishFollowReadView updateScoreAndBottomViewUIWithScoreViewType:bottomType:]
FN:100,-[EnglishFollowReadView updateTitle:time:]
FN:109,-[EnglishFollowReadView startFollowReadHandle]
FN:120,-[EnglishFollowReadView endFollowReadHandle]
FN:127,-[EnglishFollowReadView againReadHandle]
FN:133,-[EnglishFollowReadView nextFollowReadHandle]
FN:151,-[EnglishFollowReadView startOralEvaluat]
FN:155,-[EnglishFollowReadView stopOralEvaluat]
FN:160,-[EnglishFollowReadView handleReadingEventWithType:]
FN:172,-[EnglishFollowReadView englishFollowReadNextWithType:]
FN:203,-[EnglishFollowReadView finalReportFollowReadWithResult:]
FN:222,__57-[EnglishFollowReadView finalReportFollowReadWithResult:]_block_invoke
FN:233,-[EnglishFollowReadView updateResultUIWithResult:]
FN:241,-[EnglishFollowReadView handlEncourageAnimationViewWithScore:]
FN:249,-[EnglishFollowReadView oralEvaluatingDidEndWithResult:isLast:]
FN:250,__63-[EnglishFollowReadView oralEvaluatingDidEndWithResult:isLast:]_block_invoke
FN:261,-[EnglishFollowReadView oralEvaluatingInitSuccess]
FN:262,__50-[EnglishFollowReadView oralEvaluatingInitSuccess]_block_invoke
FN:268,-[EnglishFollowReadView isFollewReadSDKInitErrorWithCode:]
FN:273,-[EnglishFollowReadView oralEvaluatingDidEndError:]
FN:278,__51-[EnglishFollowReadView oralEvaluatingDidEndError:]_block_invoke
FN:294,-[EnglishFollowReadView oralEvaluatingDidUpdateVolume:]
FN:301,-[EnglishFollowReadView handleLocalStoreDataWithScore:]
FN:315,-[EnglishFollowReadView updateLocalStoreAnswerData]
FN:327,-[EnglishFollowReadView handleRewardWithScore:]
FN:338,-[EnglishFollowReadView isShowingResultView]
FN:342,-[EnglishFollowReadView showResultView]
FN:357,-[EnglishFollowReadView setFollodReadTypeWithModel:]
FN:374,-[EnglishFollowReadView getAlphaPhoneMapStrWithModel:]
FN:383,-[EnglishFollowReadView getOralType]
FN:388,-[EnglishFollowReadView isLastQuestion]
FN:393,-[EnglishFollowReadView releaseEnglishFollowReadView]
FN:404,-[EnglishFollowReadView timerAction]
FN:418,-[EnglishFollowReadView stopTimer]
FN:424,-[EnglishFollowReadView setupViews]
FN:438,__35-[EnglishFollowReadView setupViews]_block_invoke
FN:444,__35-[EnglishFollowReadView setupViews]_block_invoke_2
FN:451,__35-[EnglishFollowReadView setupViews]_block_invoke_3
FN:456,__35-[EnglishFollowReadView setupViews]_block_invoke.478
FN:462,__35-[EnglishFollowReadView setupViews]_block_invoke_2.481
FN:469,__35-[EnglishFollowReadView setupViews]_block_invoke_3.486
FN:477,-[EnglishFollowReadView initDatas]
FN:483,-[EnglishFollowReadView initSSOralEvaluatingConfig]
FN:492,-[EnglishFollowReadView setupEvents]
FN:494,__36-[EnglishFollowReadView setupEvents]_block_invoke
FN:497,__36-[EnglishFollowReadView setupEvents]_block_invoke.516
FN:501,__36-[EnglishFollowReadView setupEvents]_block_invoke_2
FN:505,__36-[EnglishFollowReadView setupEvents]_block_invoke_3
FN:509,__36-[EnglishFollowReadView setupEvents]_block_invoke_4
FN:513,__36-[EnglishFollowReadView setupEvents]_block_invoke_5
FN:520,-[EnglishFollowReadView storeModel]
FN:527,-[EnglishFollowReadView bottomBgView]
FN:541,-[EnglishFollowReadView bgView]
FN:551,-[EnglishFollowReadView headerView]
FN:559,-[EnglishFollowReadView contentView]
FN:567,-[EnglishFollowReadView scoreView]
FN:575,-[EnglishFollowReadView bottomView]
FN:583,-[EnglishFollowReadView resultView]
FN:592,-[EnglishFollowReadView encourageAnimationView]
FN:602,-[EnglishFollowReadView timer]
FN:609,-[EnglishFollowReadView hitTest:withEvent:]
FNDA:0,-[EnglishFollowReadView setBottomBgView:]
FNDA:0,-[EnglishFollowReadView setBgView:]
FNDA:0,-[EnglishFollowReadView setTimer:]
FNDA:0,-[EnglishFollowReadView timeInterval]
FNDA:0,-[EnglishFollowReadView setTimeInterval:]
FNDA:0,-[EnglishFollowReadView allTimeInterval]
FNDA:0,-[EnglishFollowReadView setAllTimeInterval:]
FNDA:0,-[EnglishFollowReadView setHeaderView:]
FNDA:0,-[EnglishFollowReadView setContentView:]
FNDA:0,-[EnglishFollowReadView setScoreView:]
FNDA:0,-[EnglishFollowReadView setBottomView:]
FNDA:0,-[EnglishFollowReadView setResultView:]
FNDA:0,-[EnglishFollowReadView setEncourageAnimationView:]
FNDA:0,-[EnglishFollowReadView questionList]
FNDA:0,-[EnglishFollowReadView setQuestionList:]
FNDA:0,-[EnglishFollowReadView currentQuestionIndex]
FNDA:0,-[EnglishFollowReadView setCurrentQuestionIndex:]
FNDA:0,-[EnglishFollowReadView config]
FNDA:0,-[EnglishFollowReadView setConfig:]
FNDA:0,-[EnglishFollowReadView setStoreModel:]
FNDA:0,-[EnglishFollowReadView storeAnswerModel]
FNDA:0,-[EnglishFollowReadView setStoreAnswerModel:]
FNDA:0,-[EnglishFollowReadView storeAnswerList]
FNDA:0,-[EnglishFollowReadView setStoreAnswerList:]
FNDA:0,-[EnglishFollowReadView interactionId]
FNDA:0,-[EnglishFollowReadView setInteractionId:]
FNDA:0,-[EnglishFollowReadView repeatCount]
FNDA:0,-[EnglishFollowReadView setRepeatCount:]
FNDA:0,-[EnglishFollowReadView englishFollowSEIEnd]
FNDA:0,-[EnglishFollowReadView setEnglishFollowSEIEnd:]
FNDA:0,-[EnglishFollowReadView .cxx_destruct]
FNDA:0,-[EnglishFollowReadView initWithFrame:]
FNDA:0,-[EnglishFollowReadView configEnglishFollowWithQuestionInfo:interactionId:localStoreModel:]
FNDA:0,-[EnglishFollowReadView updateSubViewInfoWithModel:bottomType:]
FNDA:0,-[EnglishFollowReadView updateScoreAndBottomViewUIWithScoreViewType:bottomType:]
FNDA:0,-[EnglishFollowReadView updateTitle:time:]
FNDA:0,-[EnglishFollowReadView startFollowReadHandle]
FNDA:0,-[EnglishFollowReadView endFollowReadHandle]
FNDA:0,-[EnglishFollowReadView againReadHandle]
FNDA:0,-[EnglishFollowReadView nextFollowReadHandle]
FNDA:0,-[EnglishFollowReadView startOralEvaluat]
FNDA:0,-[EnglishFollowReadView stopOralEvaluat]
FNDA:0,-[EnglishFollowReadView handleReadingEventWithType:]
FNDA:0,-[EnglishFollowReadView englishFollowReadNextWithType:]
FNDA:0,-[EnglishFollowReadView finalReportFollowReadWithResult:]
FNDA:0,__57-[EnglishFollowReadView finalReportFollowReadWithResult:]_block_invoke
FNDA:0,-[EnglishFollowReadView updateResultUIWithResult:]
FNDA:0,-[EnglishFollowReadView handlEncourageAnimationViewWithScore:]
FNDA:0,-[EnglishFollowReadView oralEvaluatingDidEndWithResult:isLast:]
FNDA:0,__63-[EnglishFollowReadView oralEvaluatingDidEndWithResult:isLast:]_block_invoke
FNDA:0,-[EnglishFollowReadView oralEvaluatingInitSuccess]
FNDA:0,__50-[EnglishFollowReadView oralEvaluatingInitSuccess]_block_invoke
FNDA:0,-[EnglishFollowReadView isFollewReadSDKInitErrorWithCode:]
FNDA:0,-[EnglishFollowReadView oralEvaluatingDidEndError:]
FNDA:0,__51-[EnglishFollowReadView oralEvaluatingDidEndError:]_block_invoke
FNDA:0,-[EnglishFollowReadView oralEvaluatingDidUpdateVolume:]
FNDA:0,-[EnglishFollowReadView handleLocalStoreDataWithScore:]
FNDA:0,-[EnglishFollowReadView updateLocalStoreAnswerData]
FNDA:0,-[EnglishFollowReadView handleRewardWithScore:]
FNDA:0,-[EnglishFollowReadView isShowingResultView]
FNDA:0,-[EnglishFollowReadView showResultView]
FNDA:0,-[EnglishFollowReadView setFollodReadTypeWithModel:]
FNDA:0,-[EnglishFollowReadView getAlphaPhoneMapStrWithModel:]
FNDA:0,-[EnglishFollowReadView getOralType]
FNDA:0,-[EnglishFollowReadView isLastQuestion]
FNDA:0,-[EnglishFollowReadView releaseEnglishFollowReadView]
FNDA:0,-[EnglishFollowReadView timerAction]
FNDA:0,-[EnglishFollowReadView stopTimer]
FNDA:0,-[EnglishFollowReadView setupViews]
FNDA:0,__35-[EnglishFollowReadView setupViews]_block_invoke
FNDA:0,__35-[EnglishFollowReadView setupViews]_block_invoke_2
FNDA:0,__35-[EnglishFollowReadView setupViews]_block_invoke_3
FNDA:0,__35-[EnglishFollowReadView setupViews]_block_invoke.478
FNDA:0,__35-[EnglishFollowReadView setupViews]_block_invoke_2.481
FNDA:0,__35-[EnglishFollowReadView setupViews]_block_invoke_3.486
FNDA:0,-[EnglishFollowReadView initDatas]
FNDA:0,-[EnglishFollowReadView initSSOralEvaluatingConfig]
FNDA:0,-[EnglishFollowReadView setupEvents]
FNDA:0,__36-[EnglishFollowReadView setupEvents]_block_invoke
FNDA:0,__36-[EnglishFollowReadView setupEvents]_block_invoke.516
FNDA:0,__36-[EnglishFollowReadView setupEvents]_block_invoke_2
FNDA:0,__36-[EnglishFollowReadView setupEvents]_block_invoke_3
FNDA:0,__36-[EnglishFollowReadView setupEvents]_block_invoke_4
FNDA:0,__36-[EnglishFollowReadView setupEvents]_block_invoke_5
FNDA:0,-[EnglishFollowReadView storeModel]
FNDA:0,-[EnglishFollowReadView bottomBgView]
FNDA:0,-[EnglishFollowReadView bgView]
FNDA:0,-[EnglishFollowReadView headerView]
FNDA:0,-[EnglishFollowReadView contentView]
FNDA:0,-[EnglishFollowReadView scoreView]
FNDA:0,-[EnglishFollowReadView bottomView]
FNDA:0,-[EnglishFollowReadView resultView]
FNDA:0,-[EnglishFollowReadView encourageAnimationView]
FNDA:0,-[EnglishFollowReadView timer]
FNDA:0,-[EnglishFollowReadView hitTest:withEvent:]
FNF:95
FNH:0
BRDA:52,0,0,-
BRDA:52,0,1,-
BRDA:65,0,0,-
BRDA:65,0,1,-
BRDA:110,0,0,-
BRDA:110,0,1,-
BRDA:115,0,0,-
BRDA:115,0,1,-
BRDA:115,3,2,-
BRDA:115,3,3,-
BRDA:135,0,0,-
BRDA:135,0,1,-
BRDA:162,0,0,-
BRDA:162,0,1,-
BRDA:163,0,0,-
BRDA:163,0,1,-
BRDA:176,0,0,-
BRDA:176,0,1,-
BRDA:182,0,0,-
BRDA:182,0,1,-
BRDA:187,0,0,-
BRDA:187,0,1,-
BRDA:193,0,0,-
BRDA:193,0,1,-
BRDA:194,0,0,-
BRDA:194,0,1,-
BRDA:205,0,0,-
BRDA:205,0,1,-
BRDA:213,0,0,-
BRDA:213,0,1,-
BRDA:220,0,0,-
BRDA:220,0,1,-
BRDA:231,2,0,-
BRDA:231,2,1,-
BRDA:231,2,2,-
BRDA:242,0,0,-
BRDA:242,0,1,-
BRDA:269,0,0,-
BRDA:269,0,1,-
BRDA:269,1,2,-
BRDA:269,1,3,-
BRDA:269,2,4,-
BRDA:269,2,5,-
BRDA:269,3,6,-
BRDA:269,3,7,-
BRDA:279,0,0,-
BRDA:279,0,1,-
BRDA:281,0,0,-
BRDA:281,0,1,-
BRDA:282,0,0,-
BRDA:282,0,1,-
BRDA:282,3,2,-
BRDA:282,3,3,-
BRDA:295,0,0,-
BRDA:295,0,1,-
BRDA:309,0,0,-
BRDA:309,0,1,-
BRDA:319,0,0,-
BRDA:319,0,1,-
BRDA:328,0,0,-
BRDA:328,0,1,-
BRDA:330,1,0,-
BRDA:330,1,1,-
BRDA:332,1,0,-
BRDA:332,1,1,-
BRDA:344,0,0,-
BRDA:344,0,1,-
BRDA:352,0,0,-
BRDA:352,0,1,-
BRDA:352,3,2,-
BRDA:352,3,3,-
BRDA:358,0,0,-
BRDA:358,0,1,-
BRDA:361,1,0,-
BRDA:361,1,1,-
BRDA:376,0,0,-
BRDA:376,0,1,-
BRDA:376,2,2,-
BRDA:376,2,3,-
BRDA:378,1,0,-
BRDA:378,1,1,-
BRDA:378,2,2,-
BRDA:378,2,3,-
BRDA:384,0,0,-
BRDA:384,0,1,-
BRDA:405,0,0,-
BRDA:405,0,1,-
BRDA:412,0,0,-
BRDA:412,0,1,-
BRDA:432,0,0,-
BRDA:432,0,1,-
BRDA:432,3,2,-
BRDA:432,3,3,-
BRDA:432,6,4,-
BRDA:432,6,5,-
BRDA:432,7,6,-
BRDA:432,7,7,-
BRDA:432,11,8,-
BRDA:432,11,9,-
BRDA:432,15,10,-
BRDA:432,15,11,-
BRDA:432,17,12,-
BRDA:432,17,13,-
BRDA:434,0,0,-
BRDA:434,0,1,-
BRDA:435,0,0,-
BRDA:435,0,1,-
BRDA:435,3,2,-
BRDA:435,3,3,-
BRDA:435,6,4,-
BRDA:435,6,5,-
BRDA:435,7,6,-
BRDA:435,7,7,-
BRDA:435,11,8,-
BRDA:435,11,9,-
BRDA:435,15,10,-
BRDA:435,15,11,-
BRDA:435,17,12,-
BRDA:435,17,13,-
BRDA:442,0,0,-
BRDA:442,0,1,-
BRDA:442,3,2,-
BRDA:442,3,3,-
BRDA:442,6,4,-
BRDA:442,6,5,-
BRDA:442,7,6,-
BRDA:442,7,7,-
BRDA:442,11,8,-
BRDA:442,11,9,-
BRDA:442,15,10,-
BRDA:442,15,11,-
BRDA:442,17,12,-
BRDA:442,17,13,-
BRDA:447,0,0,-
BRDA:447,0,1,-
BRDA:447,3,2,-
BRDA:447,3,3,-
BRDA:447,6,4,-
BRDA:447,6,5,-
BRDA:447,7,6,-
BRDA:447,7,7,-
BRDA:447,11,8,-
BRDA:447,11,9,-
BRDA:447,15,10,-
BRDA:447,15,11,-
BRDA:447,17,12,-
BRDA:447,17,13,-
BRDA:448,0,0,-
BRDA:448,0,1,-
BRDA:448,3,2,-
BRDA:448,3,3,-
BRDA:448,6,4,-
BRDA:448,6,5,-
BRDA:448,7,6,-
BRDA:448,7,7,-
BRDA:448,11,8,-
BRDA:448,11,9,-
BRDA:448,15,10,-
BRDA:448,15,11,-
BRDA:448,17,12,-
BRDA:448,17,13,-
BRDA:459,0,0,-
BRDA:459,0,1,-
BRDA:459,3,2,-
BRDA:459,3,3,-
BRDA:459,6,4,-
BRDA:459,6,5,-
BRDA:459,7,6,-
BRDA:459,7,7,-
BRDA:459,11,8,-
BRDA:459,11,9,-
BRDA:459,15,10,-
BRDA:459,15,11,-
BRDA:459,17,12,-
BRDA:459,17,13,-
BRDA:494,0,0,-
BRDA:494,0,1,-
BRDA:494,1,2,-
BRDA:494,1,3,-
BRDA:497,0,0,-
BRDA:497,0,1,-
BRDA:497,1,2,-
BRDA:497,1,3,-
BRDA:501,0,0,-
BRDA:501,0,1,-
BRDA:501,1,2,-
BRDA:501,1,3,-
BRDA:505,0,0,-
BRDA:505,0,1,-
BRDA:505,1,2,-
BRDA:505,1,3,-
BRDA:509,0,0,-
BRDA:509,0,1,-
BRDA:509,1,2,-
BRDA:509,1,3,-
BRDA:513,0,0,-
BRDA:513,0,1,-
BRDA:513,1,2,-
BRDA:513,1,3,-
BRDA:514,0,0,-
BRDA:514,0,1,-
BRDA:514,3,2,-
BRDA:514,3,3,-
BRDA:514,5,4,-
BRDA:514,5,5,-
BRDA:521,0,0,-
BRDA:521,0,1,-
BRDA:528,0,0,-
BRDA:528,0,1,-
BRDA:529,0,0,-
BRDA:529,0,1,-
BRDA:529,3,2,-
BRDA:529,3,3,-
BRDA:529,6,4,-
BRDA:529,6,5,-
BRDA:529,7,6,-
BRDA:529,7,7,-
BRDA:529,11,8,-
BRDA:529,11,9,-
BRDA:529,15,10,-
BRDA:529,15,11,-
BRDA:529,17,12,-
BRDA:529,17,13,-
BRDA:530,0,0,-
BRDA:530,0,1,-
BRDA:531,0,0,-
BRDA:531,0,1,-
BRDA:531,3,2,-
BRDA:531,3,3,-
BRDA:531,6,4,-
BRDA:531,6,5,-
BRDA:531,7,6,-
BRDA:531,7,7,-
BRDA:531,11,8,-
BRDA:531,11,9,-
BRDA:531,15,10,-
BRDA:531,15,11,-
BRDA:531,17,12,-
BRDA:531,17,13,-
BRDA:533,0,0,-
BRDA:533,0,1,-
BRDA:533,3,2,-
BRDA:533,3,3,-
BRDA:533,6,4,-
BRDA:533,6,5,-
BRDA:533,7,6,-
BRDA:533,7,7,-
BRDA:533,11,8,-
BRDA:533,11,9,-
BRDA:533,15,10,-
BRDA:533,15,11,-
BRDA:533,18,12,-
BRDA:533,18,13,-
BRDA:533,21,14,-
BRDA:533,21,15,-
BRDA:533,22,16,-
BRDA:533,22,17,-
BRDA:533,26,18,-
BRDA:533,26,19,-
BRDA:533,30,20,-
BRDA:533,30,21,-
BRDA:533,32,22,-
BRDA:533,32,23,-
BRDA:533,34,24,-
BRDA:533,34,25,-
BRDA:533,36,26,-
BRDA:533,36,27,-
BRDA:542,0,0,-
BRDA:542,0,1,-
BRDA:552,0,0,-
BRDA:552,0,1,-
BRDA:560,0,0,-
BRDA:560,0,1,-
BRDA:568,0,0,-
BRDA:568,0,1,-
BRDA:576,0,0,-
BRDA:576,0,1,-
BRDA:584,0,0,-
BRDA:584,0,1,-
BRDA:585,0,0,-
BRDA:585,0,1,-
BRDA:585,3,2,-
BRDA:585,3,3,-
BRDA:585,6,4,-
BRDA:585,6,5,-
BRDA:585,7,6,-
BRDA:585,7,7,-
BRDA:585,11,8,-
BRDA:585,11,9,-
BRDA:585,15,10,-
BRDA:585,15,11,-
BRDA:585,18,12,-
BRDA:585,18,13,-
BRDA:585,21,14,-
BRDA:585,21,15,-
BRDA:585,22,16,-
BRDA:585,22,17,-
BRDA:585,26,18,-
BRDA:585,26,19,-
BRDA:585,30,20,-
BRDA:585,30,21,-
BRDA:585,33,22,-
BRDA:585,33,23,-
BRDA:585,36,24,-
BRDA:585,36,25,-
BRDA:585,37,26,-
BRDA:585,37,27,-
BRDA:585,41,28,-
BRDA:585,41,29,-
BRDA:585,45,30,-
BRDA:585,45,31,-
BRDA:585,47,32,-
BRDA:585,47,33,-
BRDA:585,49,34,-
BRDA:585,49,35,-
BRDA:585,51,36,-
BRDA:585,51,37,-
BRDA:585,53,38,-
BRDA:585,53,39,-
BRDA:585,55,40,-
BRDA:585,55,41,-
BRDA:593,0,0,-
BRDA:593,0,1,-
BRDA:594,0,0,-
BRDA:594,0,1,-
BRDA:594,3,2,-
BRDA:594,3,3,-
BRDA:594,6,4,-
BRDA:594,6,5,-
BRDA:594,7,6,-
BRDA:594,7,7,-
BRDA:594,11,8,-
BRDA:594,11,9,-
BRDA:594,15,10,-
BRDA:594,15,11,-
BRDA:594,18,12,-
BRDA:594,18,13,-
BRDA:594,21,14,-
BRDA:594,21,15,-
BRDA:594,22,16,-
BRDA:594,22,17,-
BRDA:594,26,18,-
BRDA:594,26,19,-
BRDA:594,30,20,-
BRDA:594,30,21,-
BRDA:594,32,22,-
BRDA:594,32,23,-
BRDA:594,34,24,-
BRDA:594,34,25,-
BRDA:594,36,26,-
BRDA:594,36,27,-
BRDA:597,0,0,-
BRDA:597,0,1,-
BRDA:597,1,2,-
BRDA:597,1,3,-
BRDA:603,0,0,-
BRDA:603,0,1,-
BRDA:611,0,0,-
BRDA:611,0,1,-
BRF:359
BRH:0
DA:21,0
DA:22,0
DA:23,0
DA:24,0
DA:25,0
DA:26,0
DA:27,0
DA:28,0
DA:29,0
DA:30,0
DA:31,0
DA:32,0
DA:33,0
DA:34,0
DA:36,0
DA:37,0
DA:38,0
DA:40,0
DA:42,0
DA:44,0
DA:48,0
DA:50,0
DA:51,0
DA:52,0
DA:53,0
DA:54,0
DA:55,0
DA:56,0
DA:57,0
DA:58,0
DA:61,0
DA:62,0
DA:63,0
DA:65,0
DA:66,0
DA:67,0
DA:68,0
DA:69,0
DA:70,0
DA:73,0
DA:74,0
DA:76,0
DA:77,0
DA:78,0
DA:80,0
DA:82,0
DA:84,0
DA:85,0
DA:86,0
DA:87,0
DA:88,0
DA:89,0
DA:92,0
DA:94,0
DA:96,0
DA:97,0
DA:100,0
DA:101,0
DA:102,0
DA:103,0
DA:104,0
DA:105,0
DA:109,0
DA:110,0
DA:111,0
DA:112,0
DA:113,0
DA:114,0
DA:115,0
DA:118,0
DA:120,0
DA:121,0
DA:122,0
DA:123,0
DA:125,0
DA:127,0
DA:128,0
DA:129,0
DA:130,0
DA:131,0
DA:133,0
DA:134,0
DA:135,0
DA:136,0
DA:139,0
DA:140,0
DA:142,0
DA:144,0
DA:145,0
DA:147,0
DA:148,0
DA:151,0
DA:152,0
DA:153,0
DA:155,0
DA:156,0
DA:157,0
DA:160,0
DA:161,0
DA:162,0
DA:163,0
DA:164,0
DA:166,0
DA:167,0
DA:169,0
DA:170,0
DA:172,0
DA:173,0
DA:174,0
DA:176,0
DA:177,0
DA:178,0
DA:182,0
DA:183,0
DA:184,0
DA:187,0
DA:188,0
DA:189,0
DA:193,0
DA:194,0
DA:195,0
DA:196,0
DA:197,0
DA:199,0
DA:200,0
DA:203,0
DA:205,0
DA:206,0
DA:207,0
DA:209,0
DA:210,0
DA:213,0
DA:215,0
DA:216,0
DA:220,0
DA:221,0
DA:222,0
DA:223,0
DA:224,0
DA:226,0
DA:229,0
DA:231,0
DA:233,0
DA:234,0
DA:235,0
DA:236,0
DA:237,0
DA:238,0
DA:239,0
DA:241,0
DA:242,0
DA:243,0
DA:244,0
DA:245,0
DA:246,0
DA:247,0
DA:249,0
DA:250,0
DA:252,0
DA:253,0
DA:254,0
DA:256,0
DA:257,0
DA:258,0
DA:259,0
DA:261,0
DA:262,0
DA:263,0
DA:264,0
DA:265,0
DA:268,0
DA:269,0
DA:270,0
DA:273,0
DA:274,0
DA:275,0
DA:276,0
DA:278,0
DA:279,0
DA:280,0
DA:281,0
DA:282,0
DA:283,0
DA:284,0
DA:285,0
DA:286,0
DA:288,0
DA:290,0
DA:291,0
DA:292,0
DA:294,0
DA:295,0
DA:296,0
DA:297,0
DA:298,0
DA:301,0
DA:302,0
DA:303,0
DA:304,0
DA:306,0
DA:307,0
DA:308,0
DA:309,0
DA:310,0
DA:311,0
DA:312,0
DA:313,0
DA:315,0
DA:316,0
DA:317,0
DA:318,0
DA:319,0
DA:320,0
DA:321,0
DA:322,0
DA:324,0
DA:325,0
DA:327,0
DA:328,0
DA:329,0
DA:330,0
DA:331,0
DA:332,0
DA:333,0
DA:334,0
DA:335,0
DA:338,0
DA:339,0
DA:340,0
DA:342,0
DA:343,0
DA:344,0
DA:345,0
DA:347,0
DA:348,0
DA:350,0
DA:352,0
DA:354,0
DA:355,0
DA:357,0
DA:358,0
DA:359,0
DA:360,0
DA:361,0
DA:362,0
DA:363,0
DA:364,0
DA:365,0
DA:366,0
DA:367,0
DA:368,0
DA:369,0
DA:370,0
DA:372,0
DA:374,0
DA:375,0
DA:376,0
DA:377,0
DA:378,0
DA:379,0
DA:380,0
DA:383,0
DA:384,0
DA:385,0
DA:388,0
DA:389,0
DA:390,0
DA:393,0
DA:394,0
DA:395,0
DA:396,0
DA:397,0
DA:398,0
DA:399,0
DA:400,0
DA:401,0
DA:404,0
DA:405,0
DA:407,0
DA:408,0
DA:410,0
DA:411,0
DA:412,0
DA:413,0
DA:414,0
DA:415,0
DA:416,0
DA:418,0
DA:419,0
DA:420,0
DA:421,0
DA:422,0
DA:424,0
DA:425,0
DA:426,0
DA:427,0
DA:428,0
DA:429,0
DA:430,0
DA:432,0
DA:433,0
DA:434,0
DA:435,0
DA:436,0
DA:437,0
DA:438,0
DA:439,0
DA:440,0
DA:441,0
DA:442,0
DA:443,0
DA:444,0
DA:445,0
DA:446,0
DA:447,0
DA:448,0
DA:449,0
DA:451,0
DA:452,0
DA:453,0
DA:454,0
DA:456,0
DA:457,0
DA:458,0
DA:459,0
DA:460,0
DA:462,0
DA:463,0
DA:464,0
DA:465,0
DA:466,0
DA:467,0
DA:469,0
DA:470,0
DA:471,0
DA:472,0
DA:473,0
DA:474,0
DA:477,0
DA:478,0
DA:479,0
DA:480,0
DA:481,0
DA:483,0
DA:484,0
DA:485,0
DA:486,0
DA:487,0
DA:488,0
DA:489,0
DA:491,0
DA:492,0
DA:493,0
DA:494,0
DA:495,0
DA:496,0
DA:497,0
DA:498,0
DA:499,0
DA:501,0
DA:502,0
DA:503,0
DA:505,0
DA:506,0
DA:507,0
DA:509,0
DA:510,0
DA:511,0
DA:513,0
DA:514,0
DA:515,0
DA:517,0
DA:520,0
DA:521,0
DA:522,0
DA:523,0
DA:524,0
DA:527,0
DA:528,0
DA:529,0
DA:530,0
DA:531,0
DA:532,0
DA:533,0
DA:534,0
DA:535,0
DA:536,0
DA:537,0
DA:538,0
DA:541,0
DA:542,0
DA:543,0
DA:544,0
DA:547,0
DA:548,0
DA:551,0
DA:552,0
DA:553,0
DA:554,0
DA:555,0
DA:556,0
DA:559,0
DA:560,0
DA:561,0
DA:562,0
DA:563,0
DA:564,0
DA:567,0
DA:568,0
DA:569,0
DA:570,0
DA:571,0
DA:572,0
DA:575,0
DA:576,0
DA:577,0
DA:578,0
DA:579,0
DA:580,0
DA:583,0
DA:584,0
DA:585,0
DA:586,0
DA:587,0
DA:588,0
DA:589,0
DA:592,0
DA:593,0
DA:594,0
DA:595,0
DA:596,0
DA:597,0
DA:598,0
DA:599,0
DA:600,0
DA:602,0
DA:603,0
DA:604,0
DA:605,0
DA:606,0
DA:609,0
DA:610,0
DA:611,0
DA:612,0
DA:614,0
DA:615,0
LF:446
LH:0
end_of_record
